GE  10: Dig_Channel=  4 Dig_Index=    1 VME_Index=    1 user_package_data= 101 ;; GE id= 1019 
GE  13: Dig_Channel=  1 Dig_Index=    2 VME_Index=    7 user_package_data= 125 ;; GE id= 1256 
GE  15: Dig_Channel=  2 Dig_Index=    2 VME_Index=    7 user_package_data= 125 ;; GE id= 1257 
GE  18: Dig_Channel=  3 Dig_Index=    2 VME_Index=    1 user_package_data= 103 ;; GE id= 1038 
GE  19: Dig_Channel=  4 Dig_Index=    2 VME_Index=    7 user_package_data= 125 ;; GE id= 1259 
GE  20: Dig_Channel=  4 Dig_Index=    2 VME_Index=    1 user_package_data= 103 ;; GE id= 1039 
GE  21: Dig_Channel=  0 Dig_Index=    1 VME_Index=    8 user_package_data= 127 ;; GE id= 1275 
GE  22: Dig_Channel=  0 Dig_Index=    1 VME_Index=    2 user_package_data= 105 ;; GE id= 1055 
GE  24: Dig_Channel=  1 Dig_Index=    1 VME_Index=    2 user_package_data= 105 ;; GE id= 1056 
GE  25: Dig_Channel=  2 Dig_Index=    1 VME_Index=    8 user_package_data= 127 ;; GE id= 1277 
GE  26: Dig_Channel=  2 Dig_Index=    1 VME_Index=    2 user_package_data= 105 ;; GE id= 1057 
GE  27: Dig_Channel=  3 Dig_Index=    1 VME_Index=    8 user_package_data= 127 ;; GE id= 1278 
GE  30: Dig_Channel=  4 Dig_Index=    1 VME_Index=    2 user_package_data= 105 ;; GE id= 1059 
GE  31: Dig_Channel=  2 Dig_Index=    1 VME_Index=    7 user_package_data= 123 ;; GE id= 1237 
GE  32: Dig_Channel=  0 Dig_Index=    2 VME_Index=    2 user_package_data= 107 ;; GE id= 1075 
GE  33: Dig_Channel=  1 Dig_Index=    2 VME_Index=    8 user_package_data= 129 ;; GE id= 1296 
GE  34: Dig_Channel=  1 Dig_Index=    2 VME_Index=    2 user_package_data= 107 ;; GE id= 1076 
GE  35: Dig_Channel=  2 Dig_Index=    2 VME_Index=    8 user_package_data= 129 ;; GE id= 1297 
GE  36: Dig_Channel=  2 Dig_Index=    2 VME_Index=    2 user_package_data= 107 ;; GE id= 1077 
GE  37: Dig_Channel=  3 Dig_Index=    2 VME_Index=    8 user_package_data= 129 ;; GE id= 1298 
GE  41: Dig_Channel=  0 Dig_Index=    1 VME_Index=    9 user_package_data= 131 ;; GE id= 1315 
GE  42: Dig_Channel=  2 Dig_Index=    1 VME_Index=    1 user_package_data= 101 ;; GE id= 1017 
GE  43: Dig_Channel=  1 Dig_Index=    1 VME_Index=    9 user_package_data= 131 ;; GE id= 1316 
GE  44: Dig_Channel=  1 Dig_Index=    1 VME_Index=    3 user_package_data= 109 ;; GE id= 1096 
GE  47: Dig_Channel=  3 Dig_Index=    1 VME_Index=    9 user_package_data= 131 ;; GE id= 1318 
GE  48: Dig_Channel=  3 Dig_Index=    1 VME_Index=    3 user_package_data= 109 ;; GE id= 1098 
GE  49: Dig_Channel=  4 Dig_Index=    1 VME_Index=    9 user_package_data= 131 ;; GE id= 1319 
GE  50: Dig_Channel=  4 Dig_Index=    1 VME_Index=    3 user_package_data= 109 ;; GE id= 1099 
GE  51: Dig_Channel=  0 Dig_Index=    2 VME_Index=    9 user_package_data= 133 ;; GE id= 1335 
GE  52: Dig_Channel=  0 Dig_Index=    2 VME_Index=    3 user_package_data= 111 ;; GE id= 1115 
GE  54: Dig_Channel=  1 Dig_Index=    2 VME_Index=    3 user_package_data= 111 ;; GE id= 1116 
GE  55: Dig_Channel=  2 Dig_Index=    2 VME_Index=    9 user_package_data= 133 ;; GE id= 1337 
GE  56: Dig_Channel=  2 Dig_Index=    2 VME_Index=    3 user_package_data= 111 ;; GE id= 1117 
GE  57: Dig_Channel=  3 Dig_Index=    2 VME_Index=    9 user_package_data= 133 ;; GE id= 1338 
GE  60: Dig_Channel=  1 Dig_Index=    1 VME_Index=    1 user_package_data= 101 ;; GE id= 1016 
GE  61: Dig_Channel=  0 Dig_Index=    1 VME_Index=   10 user_package_data= 135 ;; GE id= 1355 
GE  62: Dig_Channel=  4 Dig_Index=    1 VME_Index=    4 user_package_data= 113 ;; GE id= 1139 
GE  63: Dig_Channel=  1 Dig_Index=    1 VME_Index=   10 user_package_data= 135 ;; GE id= 1356 
GE  64: Dig_Channel=  1 Dig_Index=    1 VME_Index=    4 user_package_data= 113 ;; GE id= 1136 
GE  68: Dig_Channel=  3 Dig_Index=    1 VME_Index=    4 user_package_data= 113 ;; GE id= 1138 
GE  69: Dig_Channel=  4 Dig_Index=    2 VME_Index=   12 user_package_data= 143 ;; GE id= 1439 
GE  74: Dig_Channel=  1 Dig_Index=    2 VME_Index=    4 user_package_data= 115 ;; GE id= 1156 
GE  75: Dig_Channel=  2 Dig_Index=    1 VME_Index=   11 user_package_data= 137 ;; GE id= 1377 
GE  76: Dig_Channel=  2 Dig_Index=    2 VME_Index=    4 user_package_data= 115 ;; GE id= 1157 
GE  77: Dig_Channel=  3 Dig_Index=    1 VME_Index=   11 user_package_data= 137 ;; GE id= 1378 
GE  79: Dig_Channel=  4 Dig_Index=    1 VME_Index=   11 user_package_data= 137 ;; GE id= 1379 
GE  80: Dig_Channel=  4 Dig_Index=    2 VME_Index=    4 user_package_data= 115 ;; GE id= 1159 
GE  81: Dig_Channel=  0 Dig_Index=    2 VME_Index=   11 user_package_data= 139 ;; GE id= 1395 
GE  82: Dig_Channel=  0 Dig_Index=    1 VME_Index=    5 user_package_data= 117 ;; GE id= 1175 
GE  83: Dig_Channel=  1 Dig_Index=    2 VME_Index=   11 user_package_data= 139 ;; GE id= 1396 
GE  84: Dig_Channel=  1 Dig_Index=    1 VME_Index=    5 user_package_data= 117 ;; GE id= 1176 
GE  85: Dig_Channel=  2 Dig_Index=    2 VME_Index=   11 user_package_data= 139 ;; GE id= 1397 
GE  86: Dig_Channel=  2 Dig_Index=    1 VME_Index=    5 user_package_data= 117 ;; GE id= 1177 
GE  87: Dig_Channel=  3 Dig_Index=    2 VME_Index=   11 user_package_data= 139 ;; GE id= 1398 
GE  88: Dig_Channel=  3 Dig_Index=    1 VME_Index=    5 user_package_data= 117 ;; GE id= 1178 
GE  89: Dig_Channel=  4 Dig_Index=    2 VME_Index=   11 user_package_data= 139 ;; GE id= 1399 
GE  90: Dig_Channel=  4 Dig_Index=    1 VME_Index=    5 user_package_data= 117 ;; GE id= 1179 
GE  91: Dig_Channel=  0 Dig_Index=    1 VME_Index=   12 user_package_data= 141 ;; GE id= 1415 
GE  92: Dig_Channel=  0 Dig_Index=    2 VME_Index=    5 user_package_data= 119 ;; GE id= 1195 
GE  93: Dig_Channel=  2 Dig_Index=    1 VME_Index=   10 user_package_data= 135 ;; GE id= 1357 
GE  94: Dig_Channel=  1 Dig_Index=    2 VME_Index=    5 user_package_data= 119 ;; GE id= 1196 
GE  95: Dig_Channel=  2 Dig_Index=    1 VME_Index=   12 user_package_data= 141 ;; GE id= 1417 
GE  96: Dig_Channel=  2 Dig_Index=    2 VME_Index=    5 user_package_data= 119 ;; GE id= 1197 
GE  97: Dig_Channel=  3 Dig_Index=    1 VME_Index=   12 user_package_data= 141 ;; GE id= 1418 
GE  98: Dig_Channel=  3 Dig_Index=    2 VME_Index=    5 user_package_data= 119 ;; GE id= 1198 
GE  99: Dig_Channel=  4 Dig_Index=    1 VME_Index=   12 user_package_data= 141 ;; GE id= 1419 
GE 100: Dig_Channel=  4 Dig_Index=    2 VME_Index=    5 user_package_data= 119 ;; GE id= 1199 
GE 101: Dig_Channel=  0 Dig_Index=    2 VME_Index=   12 user_package_data= 143 ;; GE id= 1435 
GE 102: Dig_Channel=  0 Dig_Index=    1 VME_Index=    6 user_package_data= 121 ;; GE id= 1215 
GE 104: Dig_Channel=  1 Dig_Index=    1 VME_Index=    6 user_package_data= 121 ;; GE id= 1216 
GE 105: Dig_Channel=  1 Dig_Index=    1 VME_Index=   11 user_package_data= 137 ;; GE id= 1376 
GE 106: Dig_Channel=  2 Dig_Index=    1 VME_Index=    6 user_package_data= 121 ;; GE id= 1217 
GE 107: Dig_Channel=  3 Dig_Index=    2 VME_Index=   12 user_package_data= 143 ;; GE id= 1438 
GE 108: Dig_Channel=  3 Dig_Index=    1 VME_Index=    6 user_package_data= 121 ;; GE id= 1218 
GE 110: Dig_Channel=  4 Dig_Index=    1 VME_Index=    6 user_package_data= 121 ;; GE id= 1219 
found 75 active channels
